Info: CapabilityPattern:Analizar el problema: 265 mini seconds publishing element
Info: CapabilityPattern:Analizar el problema: 63 mini seconds publishing process specific layout data
Info: Task:capturar_un_vocabulario_comun: 58 mini seconds publishing element
Info: TaskDescriptor:capturar_un_vocabulario_comun: 4 mini seconds publishing element
Info: Role:analista_del_sistema: 95 mini seconds publishing element
Info: RoleDescriptor:analista_del_sistema: 15 mini seconds publishing element
Info: Artifact:casos_de_negocio: 32 mini seconds publishing element
Info: WorkProductDescriptor:casos_de_negocio: 0 mini seconds publishing element
Info: Artifact:casos_de_uso: 31 mini seconds publishing element
Info: WorkProductDescriptor:casos_de_uso: 31 mini seconds publishing element
Info: Artifact:modelo_de_caso_de_uso_empresarial: 16 mini seconds publishing element
Info: WorkProductDescriptor:modelo_de_caso_de_uso_empresarial: 0 mini seconds publishing element
Info: Artifact:modelo_de_casos_de_uso: 31 mini seconds publishing element
Info: WorkProductDescriptor:modelo_de_casos_de_uso: 7 mini seconds publishing element
Info: Artifact:modelo_de_objetos_de_negocio: 7 mini seconds publishing element
Info: WorkProductDescriptor:modelo_de_objetos_de_negocio: 0 mini seconds publishing element
Info: Artifact:reglas_del_negocio: 17 mini seconds publishing element
Info: WorkProductDescriptor:reglas_del_negocio: 15 mini seconds publishing element
Info: Artifact:solicitudes_de_los_stakeholders: 16 mini seconds publishing element
Info: WorkProductDescriptor:solicitudes_de_los_stakeholders: 0 mini seconds publishing element
Info: Artifact:vision: 31 mini seconds publishing element
Info: WorkProductDescriptor:vision: 16 mini seconds publishing element
Info: Artifact:glosario: 16 mini seconds publishing element
Info: WorkProductDescriptor:glosario: 0 mini seconds publishing element
Info: Task:encontrar_actores_y_casos_de_uso: 47 mini seconds publishing element
Info: TaskDescriptor:encontrar_actores_y_casos_de_uso: 15 mini seconds publishing element
Info: Artifact:directrices_de_modelado_de_casos_de_uso: 0 mini seconds publishing element
Info: WorkProductDescriptor:directrices_de_modelado_de_casos_de_uso: 16 mini seconds publishing element
Info: Artifact:actor: 16 mini seconds publishing element
Info: WorkProductDescriptor:actor: 0 mini seconds publishing element
Info: Artifact:especificaciones_suplementarias: 24 mini seconds publishing element
Info: WorkProductDescriptor:especificaciones_suplementarias: 7 mini seconds publishing element
Info: Task:desarrollar_un_plan_de_gestion_de_requerimeintos: 16 mini seconds publishing element
Info: TaskDescriptor:desarrollar_un_plan_de_gestion_de_requerimeintos: 5 mini seconds publishing element
Info: Artifact:plan_de_gestion_de_requerimientos: 10 mini seconds publishing element
Info: WorkProductDescriptor:plan_de_gestion_de_requerimientos: 11 mini seconds publishing element
Info: Task:desarrollar_la_vision: 35 mini seconds publishing element
Info: TaskDescriptor:desarrollar_la_vision: 16 mini seconds publishing element
Info: Artifact:atributos_de_requerimientos: 16 mini seconds publishing element
Info: WorkProductDescriptor:atributos_de_requerimientos: 16 mini seconds publishing element
Info: CapabilityPattern:Entendiendo las necesidades de los stakeholders: 142 mini seconds publishing element
Info: CapabilityPattern:Entendiendo las necesidades de los stakeholders: 93 mini seconds publishing process specific layout data
Info: TaskDescriptor:capturar_un_vocabulario_comun: 0 mini seconds publishing element
Info: RoleDescriptor:analista_del_sistema: 16 mini seconds publishing element
Info: WorkProductDescriptor:casos_de_negocio: 0 mini seconds publishing element
Info: WorkProductDescriptor:casos_de_uso: 16 mini seconds publishing element
Info: WorkProductDescriptor:modelo_de_caso_de_uso_empresarial: 0 mini seconds publishing element
Info: WorkProductDescriptor:modelo_de_casos_de_uso: 15 mini seconds publishing element
Info: WorkProductDescriptor:modelo_de_objetos_de_negocio: 0 mini seconds publishing element
Info: WorkProductDescriptor:reglas_del_negocio: 0 mini seconds publishing element
Info: WorkProductDescriptor:solicitudes_de_los_stakeholders: 16 mini seconds publishing element
Info: WorkProductDescriptor:vision: 16 mini seconds publishing element
Info: WorkProductDescriptor:glosario: 0 mini seconds publishing element
Info: Task:elicitar_requerimientos_de_los_stakeholders: 31 mini seconds publishing element
Info: TaskDescriptor:elicitar_requerimientos_de_los_stakeholders: 0 mini seconds publishing element
Info: Artifact:solicitud_de_cambio: 16 mini seconds publishing element
Info: WorkProductDescriptor:solicitud_de_cambio: 0 mini seconds publishing element
Info: TaskDescriptor:desarrollar_la_vision: 31 mini seconds publishing element
Info: WorkProductDescriptor:atributos_de_requerimientos: 0 mini seconds publishing element
Info: WorkProductDescriptor:especificaciones_suplementarias: 15 mini seconds publishing element
Info: TaskDescriptor:encontrar_actores_y_casos_de_uso: 17 mini seconds publishing element
Info: WorkProductDescriptor:directrices_de_modelado_de_casos_de_uso: 15 mini seconds publishing element
Info: WorkProductDescriptor:actor: 0 mini seconds publishing element
Info: Task:administrar_dependencias: 31 mini seconds publishing element
Info: TaskDescriptor:administrar_dependencias: 0 mini seconds publishing element
Info: Artifact:lista_de_riesgos: 17 mini seconds publishing element
Info: WorkProductDescriptor:lista_de_riesgos: 0 mini seconds publishing element
Info: Artifact:modelo_de_diseno: 14 mini seconds publishing element
Info: WorkProductDescriptor:modelo_de_diseno: 0 mini seconds publishing element
Info: WorkProductDescriptor:plan_de_gestion_de_requerimientos: 16 mini seconds publishing element
Info: CapabilityPattern:Gestionar requerimientos cambiantes: 111 mini seconds publishing element
Info: CapabilityPattern:Gestionar requerimientos cambiantes: 79 mini seconds publishing process specific layout data
Info: Task:estructurar_modelo_de_casos_de_uso: 15 mini seconds publishing element
Info: TaskDescriptor:estructurar_modelo_de_casos_de_uso: 16 mini seconds publishing element
Info: RoleDescriptor:analista_del_sistema: 0 mini seconds publishing element
Info: WorkProductDescriptor:casos_de_uso: 15 mini seconds publishing element
Info: WorkProductDescriptor:directrices_de_modelado_de_casos_de_uso: 0 mini seconds publishing element
Info: WorkProductDescriptor:especificaciones_suplementarias: 16 mini seconds publishing element
Info: WorkProductDescriptor:glosario: 0 mini seconds publishing element
Info: WorkProductDescriptor:modelo_de_casos_de_uso: 0 mini seconds publishing element
Info: Artifact:paquete_de_casos_de_uso: 16 mini seconds publishing element
Info: WorkProductDescriptor:paquete_de_casos_de_uso: 0 mini seconds publishing element
Info: TaskDescriptor:administrar_dependencias: 15 mini seconds publishing element
Info: WorkProductDescriptor:atributos_de_requerimientos: 0 mini seconds publishing element
Info: WorkProductDescriptor:lista_de_riesgos: 16 mini seconds publishing element
Info: WorkProductDescriptor:modelo_de_diseno: 0 mini seconds publishing element
Info: WorkProductDescriptor:plan_de_gestion_de_requerimientos: 0 mini seconds publishing element
Info: WorkProductDescriptor:solicitud_de_cambio: 2 mini seconds publishing element
Info: WorkProductDescriptor:solicitudes_de_los_stakeholders: 0 mini seconds publishing element
Info: WorkProductDescriptor:vision: 15 mini seconds publishing element
Info: Task:revision_de_requerimientos: 15 mini seconds publishing element
Info: TaskDescriptor:revision_de_requerimientos: 2 mini seconds publishing element
Info: Role:revisor_de_requerimientos: 30 mini seconds publishing element
Info: RoleDescriptor:revisor_de_requerimientos: 0 mini seconds publishing element
Info: Artifact:especificacion_de_requerimientos_de_software: 15 mini seconds publishing element
Info: WorkProductDescriptor:especificacion_de_requerimientos_de_software: 16 mini seconds publishing element
Info: Artifact:plan_de_iteracion: 0 mini seconds publishing element
Info: WorkProductDescriptor:plan_de_iteracion: 16 mini seconds publishing element
Info: Artifact:prototipo_de_interfaz_de_usuario: 0 mini seconds publishing element
Info: WorkProductDescriptor:prototipo_de_interfaz_de_usuario: 11 mini seconds publishing element
Info: Artifact:revisar_registro: 0 mini seconds publishing element
Info: WorkProductDescriptor:revisar_registro: 16 mini seconds publishing element
Info: CapabilityPattern:Definición del sistema: 124 mini seconds publishing element
Info: CapabilityPattern:Definición del sistema: 47 mini seconds publishing process specific layout data
Info: TaskDescriptor:capturar_un_vocabulario_comun: 16 mini seconds publishing element
Info: RoleDescriptor:analista_del_sistema: 16 mini seconds publishing element
Info: WorkProductDescriptor:casos_de_negocio: 0 mini seconds publishing element
Info: WorkProductDescriptor:casos_de_uso: 0 mini seconds publishing element
Info: WorkProductDescriptor:modelo_de_caso_de_uso_empresarial: 15 mini seconds publishing element
Info: WorkProductDescriptor:modelo_de_casos_de_uso: 0 mini seconds publishing element
Info: WorkProductDescriptor:modelo_de_objetos_de_negocio: 0 mini seconds publishing element
Info: WorkProductDescriptor:reglas_del_negocio: 16 mini seconds publishing element
Info: WorkProductDescriptor:solicitudes_de_los_stakeholders: 0 mini seconds publishing element
Info: WorkProductDescriptor:vision: 16 mini seconds publishing element
Info: WorkProductDescriptor:glosario: 0 mini seconds publishing element
Info: TaskDescriptor:desarrollar_la_vision: 15 mini seconds publishing element
Info: WorkProductDescriptor:atributos_de_requerimientos: 16 mini seconds publishing element
Info: WorkProductDescriptor:especificaciones_suplementarias: 0 mini seconds publishing element
Info: TaskDescriptor:encontrar_actores_y_casos_de_uso: 17 mini seconds publishing element
Info: WorkProductDescriptor:directrices_de_modelado_de_casos_de_uso: 0 mini seconds publishing element
Info: WorkProductDescriptor:actor: 14 mini seconds publishing element
Info: TaskDescriptor:administrar_dependencias: 0 mini seconds publishing element
Info: WorkProductDescriptor:lista_de_riesgos: 16 mini seconds publishing element
Info: WorkProductDescriptor:modelo_de_diseno: 0 mini seconds publishing element
Info: WorkProductDescriptor:plan_de_gestion_de_requerimientos: 0 mini seconds publishing element
Info: WorkProductDescriptor:solicitud_de_cambio: 0 mini seconds publishing element
Info: CapabilityPattern:Gestionar el alcance del sistema: 110 mini seconds publishing element
Info: CapabilityPattern:Gestionar el alcance del sistema: 64 mini seconds publishing process specific layout data
Info: Task:priorizar_casos_de_uso: 15 mini seconds publishing element
Info: TaskDescriptor:priorizar_casos_de_uso: 16 mini seconds publishing element
Info: Role:arquitecto_software: 31 mini seconds publishing element
Info: RoleDescriptor:arquitecto_software: 0 mini seconds publishing element
Info: WorkProductDescriptor:atributos_de_requerimientos: 16 mini seconds publishing element
Info: Artifact:documento_de_la_arquitectura_de_software: 0 mini seconds publishing element
Info: WorkProductDescriptor:documento_de_la_arquitectura_de_software: 18 mini seconds publishing element
Info: WorkProductDescriptor:modelo_de_casos_de_uso: 0 mini seconds publishing element
Info: WorkProductDescriptor:plan_de_iteracion: 0 mini seconds publishing element
Info: WorkProductDescriptor:vision: 14 mini seconds publishing element
Info: TaskDescriptor:desarrollar_la_vision: 15 mini seconds publishing element
Info: RoleDescriptor:analista_del_sistema: 0 mini seconds publishing element
Info: WorkProductDescriptor:modelo_de_caso_de_uso_empresarial: 0 mini seconds publishing element
Info: WorkProductDescriptor:modelo_de_objetos_de_negocio: 0 mini seconds publishing element
Info: WorkProductDescriptor:reglas_del_negocio: 16 mini seconds publishing element
Info: WorkProductDescriptor:solicitudes_de_los_stakeholders: 0 mini seconds publishing element
Info: WorkProductDescriptor:especificaciones_suplementarias: 0 mini seconds publishing element
Info: TaskDescriptor:administrar_dependencias: 15 mini seconds publishing element
Info: WorkProductDescriptor:lista_de_riesgos: 0 mini seconds publishing element
Info: WorkProductDescriptor:modelo_de_diseno: 0 mini seconds publishing element
Info: WorkProductDescriptor:plan_de_gestion_de_requerimientos: 0 mini seconds publishing element
Info: WorkProductDescriptor:solicitud_de_cambio: 0 mini seconds publishing element
Info: CapabilityPattern:Refinar la definición del sistema: 127 mini seconds publishing element
Info: CapabilityPattern:Refinar la definición del sistema: 78 mini seconds publishing process specific layout data
Info: Task:detallar_un_caso_de_uso: 16 mini seconds publishing element
Info: TaskDescriptor:detallar_un_caso_de_uso: 17 mini seconds publishing element
Info: Role:especificador_de_requerimientos: 34 mini seconds publishing element
Info: RoleDescriptor:especificador_de_requerimientos: 4 mini seconds publishing element
Info: WorkProductDescriptor:casos_de_uso: 7 mini seconds publishing element
Info: WorkProductDescriptor:directrices_de_modelado_de_casos_de_uso: 5 mini seconds publishing element
Info: WorkProductDescriptor:especificaciones_suplementarias: 9 mini seconds publishing element
Info: WorkProductDescriptor:glosario: 1 mini seconds publishing element
Info: WorkProductDescriptor:modelo_de_casos_de_uso: 0 mini seconds publishing element
Info: WorkProductDescriptor:plan_de_gestion_de_requerimientos: 0 mini seconds publishing element
Info: WorkProductDescriptor:solicitudes_de_los_stakeholders: 15 mini seconds publishing element
Info: WorkProductDescriptor:vision: 0 mini seconds publishing element
Info: WorkProductDescriptor:atributos_de_requerimientos: 0 mini seconds publishing element
Info: Task:detallar_requerimientos_de_software: 16 mini seconds publishing element
Info: TaskDescriptor:detallar_requerimientos_de_software: 15 mini seconds publishing element
Info: WorkProductDescriptor:prototipo_de_interfaz_de_usuario: 0 mini seconds publishing element
Info: WorkProductDescriptor:especificacion_de_requerimientos_de_software: 0 mini seconds publishing element
Info: Task:modelar_interfaz_de_usuario: 16 mini seconds publishing element
Info: TaskDescriptor:modelar_interfaz_de_usuario: 16 mini seconds publishing element
Info: Role:disenador_interfaz_de_usuarios: 32 mini seconds publishing element
Info: RoleDescriptor:disenador_interfaz_de_usuarios: 0 mini seconds publishing element
Info: WorkProductDescriptor:actor: 0 mini seconds publishing element
Info: Artifact:directrices_de_interfaz_de_usuario: 15 mini seconds publishing element
Info: WorkProductDescriptor:directrices_de_interfaz_de_usuario: 0 mini seconds publishing element
Info: Artifact:clase_límite: 16 mini seconds publishing element
Info: WorkProductDescriptor:clase_límite: 0 mini seconds publishing element
Info: Artifact:guion_grafico_de_casos_de_uso: 15 mini seconds publishing element
Info: WorkProductDescriptor:guion_grafico_de_casos_de_uso: 17 mini seconds publishing element
Info: Task:prototipo_interfaz_de_usuario: 15 mini seconds publishing element
Info: TaskDescriptor:prototipo_interfaz_de_usuario: 17 mini seconds publishing element
Info: DeliveryProcess:Requerimientos: 234 mini seconds publishing element
Info: DeliveryProcess:Requerimientos: 414 mini seconds publishing process specific layout data
Info: CapabilityPattern:Analizar el problema: 103 mini seconds publishing element
Info: CapabilityPattern:Entendiendo las necesidades de los stakeholders: 125 mini seconds publishing element
Info: CapabilityPattern:Gestionar requerimientos cambiantes: 126 mini seconds publishing element
Info: CapabilityPattern:Definición del sistema: 110 mini seconds publishing element
Info: CapabilityPattern:Gestionar el alcance del sistema: 126 mini seconds publishing element
Info: CapabilityPattern:Refinar la definición del sistema: 126 mini seconds publishing element
Info: ToolMentor:captura_de_un_vocabulario_comn_utilizando_rational_requisite_pro: 31 mini seconds publishing element
Info: Template:html_casos_de_uso: 16 mini seconds publishing element
Info: Report:encuesta_sobre_el_modelo_de_caso_de_uso_empresarial: 0 mini seconds publishing element
Info: Report:encuesta_sobre_el_modelo_de_caso_de_uso: 16 mini seconds publishing element
Info: Example:ejemplo_de_modelo_rose: 16 mini seconds publishing element
Info: Example:sistema_de_registro_de_cusos: 0 mini seconds publishing element
Info: Report:encuesta_sobre_el_modelo_de_objetos_de_negocio: 16 mini seconds publishing element
Info: Template:html_reglas_del_negocio: 0 mini seconds publishing element
Info: Template:html_solicitudes_de_los_stakeholders: 18 mini seconds publishing element
Info: Template:html_vision: 8 mini seconds publishing element
Info: Guideline:guin_grfico: 6 mini seconds publishing element
Info: Guideline:taller_de_casos_de_uso: 15 mini seconds publishing element
Info: ToolMentor:encontrar_actores_y_casos_de_uso_utilizando_rational_rose: 16 mini seconds publishing element
Info: ToolMentor:gestin_de_casos_de_uso_utilizando_rational_rose_y_rational_requisite_pro: 3 mini seconds publishing element
Info: ToolMentor:gestion_de_solicitudes_de_partes_interesadas_mediante_rational_clearquest_y_rational_requisitepro: 12 mini seconds publishing element
Info: Template:html_directrices_de_modelado_de_casos_de_uso: 0 mini seconds publishing element
Info: Report:informe_de_actor: 16 mini seconds publishing element
Info: Guideline:decisiones_importantes_en_requisitos: 0 mini seconds publishing element
Info: Guideline:plan_de_gestion_de_requerimientos: 16 mini seconds publishing element
Info: ToolMentor:gestin_de_dependencias_utilizando_rational_requisite_pro: 15 mini seconds publishing element
Info: Template:html_plan_de_gestin_de_requerimientos: 0 mini seconds publishing element
Info: Guideline:diagramas_de_espina_de_pescado: 16 mini seconds publishing element
Info: Guideline:diagramas_de_pareto: 0 mini seconds publishing element
Info: Guideline:lluvia_de_ideas_y_reduccin_de_ideas: 17 mini seconds publishing element
Info: Guideline:pasar_de_los_modelos_de_negocio_a_los_sistemas: 15 mini seconds publishing element
Info: ToolMentor:desarrollar_una_visin_utilizando_rational_requisite_pro: 0 mini seconds publishing element
Info: Guideline:entrevistas: 16 mini seconds publishing element
Info: Guideline:juego_de_rol: 0 mini seconds publishing element
Info: Guideline:revisar_los_requisitos_existentes: 15 mini seconds publishing element
Info: Guideline:taller_de_requerimientos: 0 mini seconds publishing element
Info: ToolMentor:obtener_solicitudes_de_las_partes_interesadas_mediante_rational_clearquest: 9 mini seconds publishing element
Info: ToolMentor:obtener_solicitudes_de_las_partes_interesadas_utilizando_rational_requisite_pro: 9 mini seconds publishing element
Info: Report:encuesta_de_modelo_de_diseo: 16 mini seconds publishing element
Info: ToolMentor:estructuracin_del_modelo_de_casos_de_uso_utilizando_rational_rose: 0 mini seconds publishing element
Info: Guideline:resena: 18 mini seconds publishing element
Info: ToolMentor:publicacin_de_modelos_de_rational_rose_basados_en_web_mediante_web_publisher: 0 mini seconds publishing element
Info: ToolMentor:revisin_de_requerimientos_utilizando_rational_requisite_pro: 14 mini seconds publishing element
Info: Template:html_documento_de_la_arquitectura_de_sw: 0 mini seconds publishing element
Info: ToolMentor:detallando_un_caso_de_uso_utilizando_rational_rose: 0 mini seconds publishing element
Info: ToolMentor:detallar_un_caso_de_uso_utilizando_rational_requisite_pro: 18 mini seconds publishing element
Info: ToolMentor:creacin_de_una_encuesta_de_modelo_de_caso_de_uso_utilizando_rational_soda: 5 mini seconds publishing element
Info: ToolMentor:creacin_de_un_informe_de_caso_de_uso_utilizando_rational_soda: 9 mini seconds publishing element
Info: Report:guin_grfico_de_casos_de_uso: 0 mini seconds publishing element
Info: CustomCategory:analizar_el_problema: 15 mini seconds publishing element
Info: CustomCategory:definicin_del_sistema: 16 mini seconds publishing element
Info: : Publishing time: 0 minutes 8 seconds
