Warning: Task:capturar_un_vocabulario_comun: missing resource file './../../plug-in_requerimientos/capabilitypatterns/Definici&oacute;n del sistema_3305C2AB.html'
Warning: Role:analista_del_sistema: missing resource file './../../plug-in_requerimientos/capabilitypatterns/Definici&oacute;n del sistema_3305C2AB.html'
Warning: Artifact:casos_de_negocio: missing resource file './../../plug-in_requerimientos/capabilitypatterns/Definici&oacute;n del sistema_3305C2AB.html'
Warning: Artifact:casos_de_uso: missing resource file './../../plug-in_requerimientos/capabilitypatterns/Definici&oacute;n del sistema_3305C2AB.html'
Warning: Artifact:casos_de_uso: missing resource file './../../plug-in_requerimientos/capabilitypatterns/Refinar la definici&oacute;n del sistema_4AF09280.html'
Warning: Artifact:modelo_de_caso_de_uso_empresarial: missing resource file './../../plug-in_requerimientos/capabilitypatterns/Definici&oacute;n del sistema_3305C2AB.html'
Warning: Artifact:modelo_de_casos_de_uso: missing resource file './../../plug-in_requerimientos/capabilitypatterns/Definici&oacute;n del sistema_3305C2AB.html'
Warning: Artifact:modelo_de_casos_de_uso: missing resource file './../../plug-in_requerimientos/capabilitypatterns/Refinar la definici&oacute;n del sistema_4AF09280.html'
Warning: Artifact:modelo_de_objetos_de_negocio: missing resource file './../../plug-in_requerimientos/capabilitypatterns/Definici&oacute;n del sistema_3305C2AB.html'
Warning: Artifact:reglas_del_negocio: missing resource file './../../plug-in_requerimientos/capabilitypatterns/Definici&oacute;n del sistema_3305C2AB.html'
Warning: Artifact:solicitudes_de_los_stakeholders: missing resource file './../../plug-in_requerimientos/capabilitypatterns/Definici&oacute;n del sistema_3305C2AB.html'
Warning: Artifact:solicitudes_de_los_stakeholders: missing resource file './../../plug-in_requerimientos/capabilitypatterns/Refinar la definici&oacute;n del sistema_4AF09280.html'
Warning: Artifact:vision: missing resource file './../../plug-in_requerimientos/capabilitypatterns/Definici&oacute;n del sistema_3305C2AB.html'
Warning: Artifact:vision: missing resource file './../../plug-in_requerimientos/capabilitypatterns/Refinar la definici&oacute;n del sistema_4AF09280.html'
Warning: Artifact:glosario: missing resource file './../../plug-in_requerimientos/capabilitypatterns/Definici&oacute;n del sistema_3305C2AB.html'
Warning: Artifact:glosario: missing resource file './../../plug-in_requerimientos/capabilitypatterns/Refinar la definici&oacute;n del sistema_4AF09280.html'
Warning: Task:encontrar_actores_y_casos_de_uso: missing resource file './../../plug-in_requerimientos/capabilitypatterns/Definici&oacute;n del sistema_3305C2AB.html'
Warning: Artifact:directrices_de_modelado_de_casos_de_uso: missing resource file './../../plug-in_requerimientos/capabilitypatterns/Definici&oacute;n del sistema_3305C2AB.html'
Warning: Artifact:directrices_de_modelado_de_casos_de_uso: missing resource file './../../plug-in_requerimientos/capabilitypatterns/Refinar la definici&oacute;n del sistema_4AF09280.html'
Warning: Artifact:actor: missing resource file './../../plug-in_requerimientos/capabilitypatterns/Definici&oacute;n del sistema_3305C2AB.html'
Warning: Artifact:actor: missing resource file './../../plug-in_requerimientos/capabilitypatterns/Refinar la definici&oacute;n del sistema_4AF09280.html'
Warning: Artifact:especificaciones_suplementarias: missing resource file './../../plug-in_requerimientos/capabilitypatterns/Definici&oacute;n del sistema_3305C2AB.html'
Warning: Artifact:especificaciones_suplementarias: missing resource file './../../plug-in_requerimientos/capabilitypatterns/Refinar la definici&oacute;n del sistema_4AF09280.html'
Warning: Artifact:plan_de_gestion_de_requerimientos: missing resource file './../../plug-in_requerimientos/capabilitypatterns/Definici&oacute;n del sistema_3305C2AB.html'
Warning: Artifact:plan_de_gestion_de_requerimientos: missing resource file './../../plug-in_requerimientos/capabilitypatterns/Refinar la definici&oacute;n del sistema_4AF09280.html'
Warning: Task:desarrollar_la_vision: missing resource file './../../plug-in_requerimientos/capabilitypatterns/Definici&oacute;n del sistema_3305C2AB.html'
Warning: Artifact:atributos_de_requerimientos: missing resource file './../../plug-in_requerimientos/capabilitypatterns/Definici&oacute;n del sistema_3305C2AB.html'
Warning: Artifact:atributos_de_requerimientos: missing resource file './../../plug-in_requerimientos/capabilitypatterns/Refinar la definici&oacute;n del sistema_4AF09280.html'
Warning: Artifact:solicitud_de_cambio: missing resource file './../../plug-in_requerimientos/capabilitypatterns/Definici&oacute;n del sistema_3305C2AB.html'
Warning: Task:administrar_dependencias: missing resource file './../../plug-in_requerimientos/capabilitypatterns/Definici&oacute;n del sistema_3305C2AB.html'
Warning: Artifact:lista_de_riesgos: missing resource file './../../plug-in_requerimientos/capabilitypatterns/Definici&oacute;n del sistema_3305C2AB.html'
Warning: Artifact:modelo_de_diseno: missing resource file './../../plug-in_requerimientos/capabilitypatterns/Definici&oacute;n del sistema_3305C2AB.html'
Warning: Artifact:especificacion_de_requerimientos_de_software: missing resource file './../../plug-in_requerimientos/capabilitypatterns/Refinar la definici&oacute;n del sistema_4AF09280.html'
Warning: Artifact:prototipo_de_interfaz_de_usuario: missing resource file './../../plug-in_requerimientos/capabilitypatterns/Refinar la definici&oacute;n del sistema_4AF09280.html'
Warning: CapabilityPattern:Definición del sistema: missing resource file './../../plug-in_requerimientos/capabilitypatterns/resources/Definici&oacute;n del sistema_3305C2AB_Activity.jpeg'
Warning: CapabilityPattern:Definición del sistema: missing resource file './../../plug-in_requerimientos/capabilitypatterns/resources/Definici&oacute;n del sistema_3305C2AB_Activity.jpeg'
Warning: CapabilityPattern:Refinar la definición del sistema: missing resource file './../../plug-in_requerimientos/capabilitypatterns/resources/Refinar la definici&oacute;n del sistema_4AF09280_Activity.jpeg'
Warning: CapabilityPattern:Refinar la definición del sistema: missing resource file './../../plug-in_requerimientos/capabilitypatterns/resources/Refinar la definici&oacute;n del sistema_4AF09280_Activity.jpeg'
Warning: Task:detallar_un_caso_de_uso: missing resource file './../../plug-in_requerimientos/capabilitypatterns/Refinar la definici&oacute;n del sistema_4AF09280.html'
Warning: Role:especificador_de_requerimientos: missing resource file './../../plug-in_requerimientos/capabilitypatterns/Refinar la definici&oacute;n del sistema_4AF09280.html'
Warning: Task:detallar_requerimientos_de_software: missing resource file './../../plug-in_requerimientos/capabilitypatterns/Refinar la definici&oacute;n del sistema_4AF09280.html'
Warning: Task:modelar_interfaz_de_usuario: missing resource file './../../plug-in_requerimientos/capabilitypatterns/Refinar la definici&oacute;n del sistema_4AF09280.html'
Warning: Role:disenador_interfaz_de_usuarios: missing resource file './../../plug-in_requerimientos/capabilitypatterns/Refinar la definici&oacute;n del sistema_4AF09280.html'
Warning: Artifact:directrices_de_interfaz_de_usuario: missing resource file './../../plug-in_requerimientos/capabilitypatterns/Refinar la definici&oacute;n del sistema_4AF09280.html'
Warning: Artifact:clase_límite: missing resource file './../../plug-in_requerimientos/capabilitypatterns/Refinar la definici&oacute;n del sistema_4AF09280.html'
Warning: Artifact:clase_límite: missing resource file './../../plug-in_requerimientos/workproducts/clase_l&iacute;mite_44AADF95.html'
Warning: Artifact:guion_grafico_de_casos_de_uso: missing resource file './../../plug-in_requerimientos/capabilitypatterns/Refinar la definici&oacute;n del sistema_4AF09280.html'
Warning: Task:prototipo_interfaz_de_usuario: missing resource file './../../plug-in_requerimientos/capabilitypatterns/Refinar la definici&oacute;n del sistema_4AF09280.html'
Warning: DeliveryProcess:Requerimientos: missing resource file './../../plug-in_requerimientos/deliveryprocesses/Definici&oacute;n del sistema_B1B245CE.html'
Warning: DeliveryProcess:Requerimientos: missing resource file './../../plug-in_requerimientos/deliveryprocesses/Refinar la definici&oacute;n del sistema_2CB765C9.html'
Warning: DeliveryProcess:Requerimientos: missing resource file './../../plug-in_requerimientos/deliveryprocesses/Definici&oacute;n del sistema_B1B245CE.html'
Warning: DeliveryProcess:Requerimientos: missing resource file './../../plug-in_requerimientos/deliveryprocesses/Refinar la definici&oacute;n del sistema_2CB765C9.html'
Warning: CapabilityPattern:Definición del sistema: missing resource file './../../plug-in_requerimientos/deliveryprocesses/resources/Definici&oacute;n del sistema_B1B245CE_Activity.jpeg'
Warning: CapabilityPattern:Definición del sistema: missing resource file './../../plug-in_requerimientos/capabilitypatterns/Definici&oacute;n del sistema_3305C2AB.html'
Warning: CapabilityPattern:Definición del sistema: missing resource file './../../plug-in_requerimientos/capabilitypatterns/Definici&oacute;n del sistema_3305C2AB.html'
Warning: CapabilityPattern:Definición del sistema: missing resource file './../../plug-in_requerimientos/capabilitypatterns/Definici&oacute;n del sistema_3305C2AB.html'
Warning: CapabilityPattern:Definición del sistema: missing resource file './../../plug-in_requerimientos/capabilitypatterns/Definici&oacute;n del sistema_3305C2AB.html'
Warning: CapabilityPattern:Definición del sistema: missing resource file './../../plug-in_requerimientos/deliveryprocesses/resources/Definici&oacute;n del sistema_B1B245CE_Activity.jpeg'
Warning: CapabilityPattern:Definición del sistema: missing resource file './../../plug-in_requerimientos/capabilitypatterns/Definici&oacute;n del sistema_3305C2AB.html'
Warning: CapabilityPattern:Refinar la definición del sistema: missing resource file './../../plug-in_requerimientos/deliveryprocesses/resources/Refinar la definici&oacute;n del sistema_2CB765C9_Activity.jpeg'
Warning: CapabilityPattern:Refinar la definición del sistema: missing resource file './../../plug-in_requerimientos/capabilitypatterns/Refinar la definici&oacute;n del sistema_4AF09280.html'
Warning: CapabilityPattern:Refinar la definición del sistema: missing resource file './../../plug-in_requerimientos/capabilitypatterns/Refinar la definici&oacute;n del sistema_4AF09280.html'
Warning: CapabilityPattern:Refinar la definición del sistema: missing resource file './../../plug-in_requerimientos/capabilitypatterns/Refinar la definici&oacute;n del sistema_4AF09280.html'
Warning: CapabilityPattern:Refinar la definición del sistema: missing resource file './../../plug-in_requerimientos/capabilitypatterns/Refinar la definici&oacute;n del sistema_4AF09280.html'
Warning: CapabilityPattern:Refinar la definición del sistema: missing resource file './../../plug-in_requerimientos/deliveryprocesses/resources/Refinar la definici&oacute;n del sistema_2CB765C9_Activity.jpeg'
Warning: CapabilityPattern:Refinar la definición del sistema: missing resource file './../../plug-in_requerimientos/capabilitypatterns/Refinar la definici&oacute;n del sistema_4AF09280.html'
